<?xml version="1.0" encoding="UTF-8"?>
<testsuite name="ll.Level0.P1111.MainTest" tests="1" skipped="0" failures="0" errors="0" timestamp="2023-02-23T02:29:42" hostname="DESKTOP-BCO5GBM" time="0.013">
  <properties/>
  <testcase name="t1()" classname="ll.Level0.P1111.MainTest" time="0.013"/>
  <system-out><![CDATA[DDSFsd
]]></system-out>
  <system-err><![CDATA[]]></system-err>
</testsuite>
