<?xml version="1.0" encoding="UTF-8"?>
<testsuite name="ll.Level0.P120903.MainTest" tests="2" skipped="0" failures="0" errors="0" timestamp="2023-02-22T09:07:18" hostname="DESKTOP-BCO5GBM" time="0.043">
  <properties/>
  <testcase name="[a, b, c]와 [com, b, d, p, c] 입력 -&gt; 결과 2 출력" classname="ll.Level0.P120903.MainTest" time="0.042"/>
  <testcase name="[n, omg]와 [m, dot] 입력 -&gt; 결과 0 출력" classname="ll.Level0.P120903.MainTest" time="0.0"/>
  <system-out><![CDATA[]]></system-out>
  <system-err><![CDATA[]]></system-err>
</testsuite>
